<?xml version="1.0" encoding="UTF-8"?>
<!-- Generated by org.testng.reporters.JUnitReportReporter -->
<testsuite hostname="intel" name="codeTest.BrowserTest" tests="1" failures="0" timestamp="20 Oct 2018 06:53:49 GMT" time="16.831" errors="0">
  <testcase name="open" time="16.831" classname="codeTest.BrowserTest"/>
</testsuite> <!-- codeTest.BrowserTest -->
