<?xml version="1.0" encoding="UTF-8"?>
<!-- Generated by org.testng.reporters.JUnitReportReporter -->
<testsuite hostname="intel" name="codeTest.TestCalc3" tests="4" failures="0" timestamp="20 Oct 2018 03:59:45 GMT" time="0.016" errors="0">
  <testcase name="mul" time="0.000" classname="codeTest.TestCalc3"/>
  <testcase name="div" time="0.000" classname="codeTest.TestCalc3"/>
  <testcase name="add" time="0.016" classname="codeTest.TestCalc3"/>
  <testcase name="sub" time="0.000" classname="codeTest.TestCalc3"/>
</testsuite> <!-- codeTest.TestCalc3 -->
