<?xml version="1.0" encoding="UTF-8"?>
<!-- Generated by org.testng.reporters.JUnitReportReporter -->
<testsuite skipped="0" hostname="intel" name="webtest.Snapshot" tests="1" failures="0" timestamp="09 Dec 2018 15:04:52 GMT" time="19.188" errors="0">
  <testcase name="beforeTest" time="19.188" classname="webtest.Snapshot"/>
</testsuite> <!-- webtest.Snapshot -->
