<?xml version="1.0" encoding="UTF-8"?>
<!-- Generated by org.testng.reporters.JUnitReportReporter -->
<testsuite hostname="intel" name="Whirlpool_Home.Whirlpool_Login" tests="1" failures="0" timestamp="2 May 2018 18:35:57 GMT" time="18.530" errors="0">
  <testcase name="LoginTOWhirlpool" time="18.530" classname="Whirlpool_Home.Whirlpool_Login"/>
</testsuite> <!-- Whirlpool_Home.Whirlpool_Login -->
