<?xml version="1.0" encoding="UTF-8"?>
<!-- Generated by org.testng.reporters.JUnitReportReporter -->
<testsuite hostname="intel" name="Practice.NewTest" tests="1" failures="0" timestamp="21 Jan 2018 11:24:36 GMT" time="7.618" errors="0">
  <testcase name="f" time="7.618" classname="Practice.NewTest"/>
</testsuite> <!-- Practice.NewTest -->
