<?xml version="1.0" encoding="UTF-8"?>
<!-- Generated by org.testng.reporters.JUnitReportReporter -->
<testsuite hostname="intel" name="TestNG.TC02_Login_Mutual_Fund" tests="1" failures="0" timestamp="29 Apr 2018 06:56:21 GMT" time="7.730" errors="0">
  <testcase name="f" time="7.730" classname="TestNG.TC02_Login_Mutual_Fund"/>
</testsuite> <!-- TestNG.TC02_Login_Mutual_Fund -->
