<?xml version="1.0" encoding="UTF-8"?>
<!-- Generated by org.testng.reporters.JUnitReportReporter -->
<testsuite hostname="intel" name="Practice.scroll" tests="1" failures="0" timestamp="27 Apr 2018 17:09:40 GMT" time="18.955" errors="0">
  <testcase name="ByPixel" time="18.955" classname="Practice.scroll"/>
</testsuite> <!-- Practice.scroll -->
