<?xml version="1.0" encoding="UTF-8"?>
<!-- Generated by org.testng.reporters.JUnitReportReporter -->
<testsuite hostname="intel" name="TestNG.TC_01_Demo" tests="1" failures="0" timestamp="29 Apr 2018 06:56:21 GMT" time="10.000" errors="0">
  <testcase name="f" time="10.000" classname="TestNG.TC_01_Demo"/>
</testsuite> <!-- TestNG.TC_01_Demo -->
