<?xml version="1.0" encoding="UTF-8"?>
<!-- Generated by org.testng.reporters.JUnitReportReporter -->
<testsuite hostname="intel" name="Practice.TestNG_Inheritance" tests="3" failures="0" timestamp="30 Apr 2018 05:21:23 GMT" time="0.018" errors="0">
  <testcase name="addition" time="0.005" classname="Practice.TestNG_Inheritance"/>
  <testcase name="Multiplication" time="0.010" classname="Practice.TestNG_Inheritance"/>
  <testcase name="subtraction" time="0.003" classname="Practice.TestNG_Inheritance"/>
</testsuite> <!-- Practice.TestNG_Inheritance -->
