<?xml version="1.0" encoding="UTF-8"?>
<!-- Generated by org.testng.reporters.JUnitReportReporter -->
<testsuite hostname="intel" name="TestNG.TC03" tests="1" failures="0" timestamp="29 Apr 2018 06:56:21 GMT" time="21.990" errors="0">
  <testcase name="f" time="21.990" classname="TestNG.TC03"/>
</testsuite> <!-- TestNG.TC03 -->
