<?xml version="1.0" encoding="UTF-8"?>
<!-- Generated by org.testng.reporters.JUnitReportReporter -->
<testsuite hostname="intel" name="Whirlpool_Home.scroll" tests="1" failures="0" timestamp="12 May 2018 08:06:55 GMT" time="42.061" errors="0">
  <testcase name="Alegeria" time="42.061" classname="Whirlpool_Home.scroll"/>
</testsuite> <!-- Whirlpool_Home.scroll -->
