<?xml version="1.0" encoding="UTF-8"?>
<!-- Generated by org.testng.reporters.JUnitReportReporter -->
<testsuite hostname="intel" name="September.NewTest" tests="2" failures="0" timestamp="9 Sep 2018 22:28:23 GMT" time="0.526" errors="0">
  <testcase name="f" time="0.342" classname="September.NewTest"/>
  <testcase name="f" time="0.184" classname="September.NewTest"/>
</testsuite> <!-- September.NewTest -->
