<?xml version="1.0" encoding="UTF-8"?>
<!-- Generated by org.testng.reporters.JUnitReportReporter -->
<testsuite hostname="intel" name="POM.TestNG_Tours_Page_Factory" tests="1" failures="0" timestamp="1 May 2018 06:34:53 GMT" time="20.002" errors="0">
  <testcase name="login" time="20.002" classname="POM.TestNG_Tours_Page_Factory"/>
</testsuite> <!-- POM.TestNG_Tours_Page_Factory -->
