<?xml version="1.0" encoding="UTF-8"?>
<!-- Generated by org.testng.reporters.JUnitReportReporter -->
<testsuite hostname="intel" name="September.TestNG_DataDriver_Program" tests="2" failures="0" timestamp="15 Sep 2018 19:37:24 GMT" time="2.560" errors="0">
  <testcase name="f" time="1.565" classname="September.TestNG_DataDriver_Program"/>
  <testcase name="f" time="0.995" classname="September.TestNG_DataDriver_Program"/>
</testsuite> <!-- September.TestNG_DataDriver_Program -->
