<?xml version="1.0" encoding="UTF-8"?>
<!-- Generated by org.testng.reporters.JUnitReportReporter -->
<testsuite hostname="intel" name="TestNG_Demo.TestNG_1" tests="1" failures="0" timestamp="28 Apr 2018 06:03:40 GMT" time="14.197" errors="0">
  <testcase name="login_Alert" time="14.197" classname="TestNG_Demo.TestNG_1"/>
</testsuite> <!-- TestNG_Demo.TestNG_1 -->
