<?xml version="1.0" encoding="UTF-8"?>
<!-- Generated by org.testng.reporters.JUnitReportReporter -->
<testsuite hostname="intel" name="TestNG.TC01" tests="1" failures="0" timestamp="28 Apr 2018 03:04:30 GMT" time="10.306" errors="0">
  <testcase name="Login" time="10.306" classname="TestNG.TC01"/>
</testsuite> <!-- TestNG.TC01 -->
