<?xml version="1.0" encoding="UTF-8"?>
<!-- Generated by org.testng.reporters.JUnitReportReporter -->
<testsuite hostname="intel" name="com.guru99.mainMethod.Main_Method_Run" tests="3" failures="0" timestamp="19 Sep 2018 20:55:18 GMT" time="33.189" errors="0">
  <testcase name="login_with_Valid_Credentials" time="6.973" classname="com.guru99.mainMethod.Main_Method_Run"/>
  <testcase name="Login_with_Invalid_Username" time="19.987" classname="com.guru99.mainMethod.Main_Method_Run"/>
  <testcase name="verify_title" time="6.229" classname="com.guru99.mainMethod.Main_Method_Run"/>
</testsuite> <!-- com.guru99.mainMethod.Main_Method_Run -->
